info: ::1 - - [03/Dec/2024:08:44:41 +0000] "POST /api/v1/users/login HTTP/1.1" 202 59 "-" "PostmanRuntime/7.43.0"

info: ::1 - - [03/Dec/2024:08:44:49 +0000] "POST /api/v1/users/register HTTP/1.1" 409 43 "-" "PostmanRuntime/7.43.0"

info: ::1 - - [03/Dec/2024:08:44:56 +0000] "POST /api/v1/users/login HTTP/1.1" 202 59 "-" "PostmanRuntime/7.43.0"

info: ::1 - - [03/Dec/2024:09:18:36 +0000] "POST /api/v1/notes/create HTTP/1.1" 201 50 "-" "PostmanRuntime/7.43.0"

info: ::1 - - [03/Dec/2024:09:37:35 +0000] "GET /api/v1/notes/ HTTP/1.1" 200 145 "-" "PostmanRuntime/7.43.0"

info: ::1 - - [03/Dec/2024:09:38:11 +0000] "POST /api/v1/notes/create HTTP/1.1" 201 50 "-" "PostmanRuntime/7.43.0"

info: ::1 - - [03/Dec/2024:09:38:19 +0000] "GET /api/v1/notes/ HTTP/1.1" 200 294 "-" "PostmanRuntime/7.43.0"

info: ::1 - - [03/Dec/2024:09:53:20 +0000] "GET /api/v1/notes/674eccec2ca09a382f0454fb HTTP/1.1" 202 143 "-" "PostmanRuntime/7.43.0"

info: ::1 - - [03/Dec/2024:09:53:25 +0000] "GET /api/v1/notes/ HTTP/1.1" 202 294 "-" "PostmanRuntime/7.43.0"

info: ::1 - - [03/Dec/2024:09:53:30 +0000] "GET /api/v1/notes/674ed183ec23fa3d66ed915e HTTP/1.1" 202 148 "-" "PostmanRuntime/7.43.0"

info: ::1 - - [03/Dec/2024:09:53:36 +0000] "GET /api/v1/notes/674ed183ec23fa3d66ed915 HTTP/1.1" 500 145 "-" "PostmanRuntime/7.43.0"

info: ::1 - - [03/Dec/2024:09:55:31 +0000] "GET /api/v1/notes/674ed183ec23fa3d66ed915e HTTP/1.1" 202 148 "-" "PostmanRuntime/7.43.0"

info: ::1 - - [03/Dec/2024:09:57:45 +0000] "POST /api/v1/notes/ HTTP/1.1" 404 47 "-" "PostmanRuntime/7.43.0"

info: ::1 - - [03/Dec/2024:09:58:08 +0000] "POST /api/v1/notes/create HTTP/1.1" 201 50 "-" "PostmanRuntime/7.43.0"

info: ::1 - - [03/Dec/2024:09:58:16 +0000] "GET /api/v1/notes/ HTTP/1.1" 202 192 "-" "PostmanRuntime/7.43.0"

info: ::1 - - [03/Dec/2024:10:10:11 +0000] "PUT /api/v1/notes/674ed6308d0be043a19d1834 HTTP/1.1" 500 116 "-" "PostmanRuntime/7.43.0"

info: ::1 - - [03/Dec/2024:10:14:10 +0000] "PUT /api/v1/notes/674ed6308d0be043a19d1834 HTTP/1.1" - - "-" "PostmanRuntime/7.43.0"

info: ::1 - - [03/Dec/2024:10:14:16 +0000] "GET /api/v1/notes/674ed6308d0be043a19d1834 HTTP/1.1" 202 190 "-" "PostmanRuntime/7.43.0"

info: ::1 - - [03/Dec/2024:10:14:42 +0000] "PUT /api/v1/notes/674ed6308d0be043a19d1834 HTTP/1.1" - - "-" "PostmanRuntime/7.43.0"

info: ::1 - - [03/Dec/2024:10:16:29 +0000] "PUT /api/v1/notes/674ed6308d0be043a19d1834 HTTP/1.1" - - "-" "PostmanRuntime/7.43.0"

info: ::1 - - [03/Dec/2024:10:17:53 +0000] "PUT /api/v1/notes/674ed6308d0be043a19d1834 HTTP/1.1" 200 6 "-" "PostmanRuntime/7.43.0"

info: ::1 - - [03/Dec/2024:10:23:02 +0000] "GET /api/v1/notes/ HTTP/1.1" 202 196 "-" "PostmanRuntime/7.43.0"

info: ::1 - - [03/Dec/2024:10:25:53 +0000] "PUT /api/v1/notes/674ed6308d0be043a19d1834 HTTP/1.1" - - "-" "PostmanRuntime/7.43.0"

info: ::1 - - [03/Dec/2024:10:26:43 +0000] "PUT /api/v1/notes/674ed6308d0be043a19d1834 HTTP/1.1" - - "-" "PostmanRuntime/7.43.0"

info: ::1 - - [03/Dec/2024:10:26:47 +0000] "PUT /api/v1/notes/674ed6308d0be043a19d1834 HTTP/1.1" - - "-" "PostmanRuntime/7.43.0"

info: ::1 - - [03/Dec/2024:10:28:01 +0000] "PUT /api/v1/notes/674ed6308d0be043a19d1834 HTTP/1.1" - - "-" "PostmanRuntime/7.43.0"

info: ::1 - - [03/Dec/2024:11:01:03 +0000] "GET /api/v1/notes/ HTTP/1.1" 202 204 "-" "PostmanRuntime/7.43.0"

info: ::1 - - [03/Dec/2024:11:01:13 +0000] "GET /api/v1/notes/674ed6308d0be043a19d1834 HTTP/1.1" 202 202 "-" "PostmanRuntime/7.43.0"

info: ::1 - - [03/Dec/2024:11:01:23 +0000] "PUT /api/v1/notes/674ed6308d0be043a19d1834 HTTP/1.1" 202 70 "-" "PostmanRuntime/7.43.0"

info: ::1 - - [03/Dec/2024:11:01:32 +0000] "GET /api/v1/notes/674ed6308d0be043a19d1834 HTTP/1.1" 202 190 "-" "PostmanRuntime/7.43.0"

