info: Server started at http://localhost:3000/api/v1/ {"timestamp":"2024-12-03T08:44:35.996Z"}
info: Connected to the database. {"timestamp":"2024-12-03T08:44:38.000Z"}
info: Connected to the database. {"timestamp":"2024-12-03T09:15:39.581Z"}
info: Connected to the database. {"timestamp":"2024-12-03T09:17:06.735Z"}
info: Server started at http://localhost:3000/api/v1/ {"timestamp":"2024-12-03T09:17:18.957Z"}
info: Server started at http://localhost:3000/api/v1/ {"timestamp":"2024-12-03T09:17:20.709Z"}
info: Connected to the database. {"timestamp":"2024-12-03T09:17:22.376Z"}
info: Server started at http://localhost:3000/api/v1/ {"timestamp":"2024-12-03T09:17:30.212Z"}
info: Connected to the database. {"timestamp":"2024-12-03T09:17:31.945Z"}
info: Server started at http://localhost:3000/api/v1/ {"timestamp":"2024-12-03T09:37:27.453Z"}
info: Connected to the database. {"timestamp":"2024-12-03T09:37:29.562Z"}
info: Server started at http://localhost:3000/api/v1/ {"timestamp":"2024-12-03T09:53:11.664Z"}
info: Connected to the database. {"timestamp":"2024-12-03T09:53:13.672Z"}
error: 
    status - 500 
    message - CastError: Cast to ObjectId failed for value "674ed183ec23fa3d66ed915" (type string) at path "_id" for model "Note"
    at model.Query.exec (/Users/apple/Desktop/backend_project/note_app/node_modules/mongoose/lib/query.js:4498:21)
    at model.Query.Query.then (/Users/apple/Desktop/backend_project/note_app/node_modules/mongoose/lib/query.js:4592:15)
    at processTicksAndRejections (node:internal/process/task_queues:105:5) 
    url - /api/v1/notes/674ed183ec23fa3d66ed915 
    method - GET 
    IP - ::1
   {"timestamp":"2024-12-03T09:53:36.141Z"}
info: Server started at http://localhost:3000/api/v1/ {"timestamp":"2024-12-03T09:56:55.232Z"}
info: Server started at http://localhost:3000/api/v1/ {"timestamp":"2024-12-03T09:56:57.613Z"}
info: Connected to the database. {"timestamp":"2024-12-03T09:56:59.352Z"}
info: Server started at http://localhost:3000/api/v1/ {"timestamp":"2024-12-03T09:57:57.246Z"}
info: Connected to the database. {"timestamp":"2024-12-03T09:57:59.127Z"}
info: Server started at http://localhost:3000/api/v1/ {"timestamp":"2024-12-03T11:02:49.268Z"}
info: Connected to the database. {"timestamp":"2024-12-03T11:02:51.330Z"}
