error: uncaughtException: Router.use() requires a middleware function but got a Object
TypeError: Router.use() requires a middleware function but got a Object
    at Function.use (/Users/apple/Desktop/backend_project/note_app/node_modules/express/lib/router/index.js:469:13)
    at routes (/Users/apple/Desktop/backend_project/note_app/src/routes/index.js:17:10)
    at Object.<anonymous> (/Users/apple/Desktop/backend_project/note_app/src/index.js:32:38)
    at Module._compile (node:internal/modules/cjs/loader:1546:14)
    at Module._compile (/Users/apple/Desktop/backend_project/note_app/node_modules/pirates/lib/index.js:117:24)
    at node:internal/modules/cjs/loader:1689:10
    at Object.newLoader [as .js] (/Users/apple/Desktop/backend_project/note_app/node_modules/pirates/lib/index.js:121:7)
    at Module.load (node:internal/modules/cjs/loader:1318:32)
    at Function._load (node:internal/modules/cjs/loader:1128:12)
    at TracingChannel.traceSync (node:diagnostics_channel:315:14)
    at wrapModuleLoad (node:internal/modules/cjs/loader:218:24)
    at Function.runMain (node:internal/modules/run_main:170:5)
    at Object.<anonymous> (/Users/apple/Desktop/backend_project/note_app/node_modules/@babel/node/src/_babel-node.ts:159:12)
    at Module._compile (node:internal/modules/cjs/loader:1546:14)
    at Object.<anonymous> (node:internal/modules/cjs/loader:1689:10)
    at Module.load (node:internal/modules/cjs/loader:1318:32)
    at Function._load (node:internal/modules/cjs/loader:1128:12)
    at TracingChannel.traceSync (node:diagnostics_channel:315:14)
    at wrapModuleLoad (node:internal/modules/cjs/loader:218:24)
    at Function.executeUserEntryPoint [as runMain] (node:internal/modules/run_main:170:5)
    at node:internal/main/run_main_module:36:49 {"date":"Tue Dec 03 2024 14:45:37 GMT+0530 (India Standard Time)","error":{},"exception":true,"os":{"loadavg":[2.68212890625,3.6923828125,4.099609375],"uptime":15308},"process":{"argv":["node","/Users/apple/Desktop/backend_project/note_app/src/index.js"],"cwd":"/Users/apple/Desktop/backend_project/note_app","execPath":"/Users/apple/.nvm/versions/node/v22.11.0/bin/node","gid":20,"memoryUsage":{"arrayBuffers":18295175,"external":21277668,"heapTotal":93921280,"heapUsed":50283488,"rss":147640320},"pid":12741,"uid":501,"version":"v22.11.0"},"stack":"TypeError: Router.use() requires a middleware function but got a Object\n    at Function.use (/Users/apple/Desktop/backend_project/note_app/node_modules/express/lib/router/index.js:469:13)\n    at routes (/Users/apple/Desktop/backend_project/note_app/src/routes/index.js:17:10)\n    at Object.<anonymous> (/Users/apple/Desktop/backend_project/note_app/src/index.js:32:38)\n    at Module._compile (node:internal/modules/cjs/loader:1546:14)\n    at Module._compile (/Users/apple/Desktop/backend_project/note_app/node_modules/pirates/lib/index.js:117:24)\n    at node:internal/modules/cjs/loader:1689:10\n    at Object.newLoader [as .js] (/Users/apple/Desktop/backend_project/note_app/node_modules/pirates/lib/index.js:121:7)\n    at Module.load (node:internal/modules/cjs/loader:1318:32)\n    at Function._load (node:internal/modules/cjs/loader:1128:12)\n    at TracingChannel.traceSync (node:diagnostics_channel:315:14)\n    at wrapModuleLoad (node:internal/modules/cjs/loader:218:24)\n    at Function.runMain (node:internal/modules/run_main:170:5)\n    at Object.<anonymous> (/Users/apple/Desktop/backend_project/note_app/node_modules/@babel/node/src/_babel-node.ts:159:12)\n    at Module._compile (node:internal/modules/cjs/loader:1546:14)\n    at Object.<anonymous> (node:internal/modules/cjs/loader:1689:10)\n    at Module.load (node:internal/modules/cjs/loader:1318:32)\n    at Function._load (node:internal/modules/cjs/loader:1128:12)\n    at TracingChannel.traceSync (node:diagnostics_channel:315:14)\n    at wrapModuleLoad (node:internal/modules/cjs/loader:218:24)\n    at Function.executeUserEntryPoint [as runMain] (node:internal/modules/run_main:170:5)\n    at node:internal/main/run_main_module:36:49","timestamp":"2024-12-03T09:15:37.546Z","trace":[{"column":13,"file":"/Users/apple/Desktop/backend_project/note_app/node_modules/express/lib/router/index.js","function":"Function.use","line":469,"method":"use","native":false},{"column":10,"file":"/Users/apple/Desktop/backend_project/note_app/src/routes/index.js","function":"routes","line":17,"method":null,"native":false},{"column":38,"file":"/Users/apple/Desktop/backend_project/note_app/src/index.js","function":null,"line":32,"method":null,"native":false},{"column":14,"file":"node:internal/modules/cjs/loader","function":"Module._compile","line":1546,"method":"_compile","native":false},{"column":24,"file":"/Users/apple/Desktop/backend_project/note_app/node_modules/pirates/lib/index.js","function":"Module._compile","line":117,"method":"_compile","native":false},{"column":10,"file":"node:internal/modules/cjs/loader","function":null,"line":1689,"method":null,"native":false},{"column":7,"file":"/Users/apple/Desktop/backend_project/note_app/node_modules/pirates/lib/index.js","function":"Object.newLoader [as .js]","line":121,"method":"js]","native":false},{"column":32,"file":"node:internal/modules/cjs/loader","function":"Module.load","line":1318,"method":"load","native":false},{"column":12,"file":"node:internal/modules/cjs/loader","function":"Function._load","line":1128,"method":"_load","native":false},{"column":14,"file":"node:diagnostics_channel","function":"TracingChannel.traceSync","line":315,"method":"traceSync","native":false},{"column":24,"file":"node:internal/modules/cjs/loader","function":"wrapModuleLoad","line":218,"method":null,"native":false},{"column":5,"file":"node:internal/modules/run_main","function":"Function.runMain","line":170,"method":"runMain","native":false},{"column":12,"file":"/Users/apple/Desktop/backend_project/note_app/node_modules/@babel/node/src/_babel-node.ts","function":null,"line":159,"method":null,"native":false},{"column":14,"file":"node:internal/modules/cjs/loader","function":"Module._compile","line":1546,"method":"_compile","native":false},{"column":10,"file":"node:internal/modules/cjs/loader","function":null,"line":1689,"method":null,"native":false},{"column":32,"file":"node:internal/modules/cjs/loader","function":"Module.load","line":1318,"method":"load","native":false},{"column":12,"file":"node:internal/modules/cjs/loader","function":"Function._load","line":1128,"method":"_load","native":false},{"column":14,"file":"node:diagnostics_channel","function":"TracingChannel.traceSync","line":315,"method":"traceSync","native":false},{"column":24,"file":"node:internal/modules/cjs/loader","function":"wrapModuleLoad","line":218,"method":null,"native":false},{"column":5,"file":"node:internal/modules/run_main","function":"Function.executeUserEntryPoint [as runMain]","line":170,"method":"executeUserEntryPoint [as runMain]","native":false},{"column":49,"file":"node:internal/main/run_main_module","function":null,"line":36,"method":null,"native":false}]}
error: uncaughtException: Router.use() requires a middleware function but got a Object
TypeError: Router.use() requires a middleware function but got a Object
    at Function.use (/Users/apple/Desktop/backend_project/note_app/node_modules/express/lib/router/index.js:469:13)
    at routes (/Users/apple/Desktop/backend_project/note_app/src/routes/index.js:17:10)
    at Object.<anonymous> (/Users/apple/Desktop/backend_project/note_app/src/index.js:32:38)
    at Module._compile (node:internal/modules/cjs/loader:1546:14)
    at Module._compile (/Users/apple/Desktop/backend_project/note_app/node_modules/pirates/lib/index.js:117:24)
    at node:internal/modules/cjs/loader:1689:10
    at Object.newLoader [as .js] (/Users/apple/Desktop/backend_project/note_app/node_modules/pirates/lib/index.js:121:7)
    at Module.load (node:internal/modules/cjs/loader:1318:32)
    at Function._load (node:internal/modules/cjs/loader:1128:12)
    at TracingChannel.traceSync (node:diagnostics_channel:315:14)
    at wrapModuleLoad (node:internal/modules/cjs/loader:218:24)
    at Function.runMain (node:internal/modules/run_main:170:5)
    at Object.<anonymous> (/Users/apple/Desktop/backend_project/note_app/node_modules/@babel/node/src/_babel-node.ts:159:12)
    at Module._compile (node:internal/modules/cjs/loader:1546:14)
    at Object.<anonymous> (node:internal/modules/cjs/loader:1689:10)
    at Module.load (node:internal/modules/cjs/loader:1318:32)
    at Function._load (node:internal/modules/cjs/loader:1128:12)
    at TracingChannel.traceSync (node:diagnostics_channel:315:14)
    at wrapModuleLoad (node:internal/modules/cjs/loader:218:24)
    at Function.executeUserEntryPoint [as runMain] (node:internal/modules/run_main:170:5)
    at node:internal/main/run_main_module:36:49 {"date":"Tue Dec 03 2024 14:46:54 GMT+0530 (India Standard Time)","error":{},"exception":true,"os":{"loadavg":[3.08935546875,3.654296875,4.05224609375],"uptime":15385},"process":{"argv":["node","/Users/apple/Desktop/backend_project/note_app/src/index.js"],"cwd":"/Users/apple/Desktop/backend_project/note_app","execPath":"/Users/apple/.nvm/versions/node/v22.11.0/bin/node","gid":20,"memoryUsage":{"arrayBuffers":18286983,"external":21212132,"heapTotal":89202688,"heapUsed":65630488,"rss":142434304},"pid":12800,"uid":501,"version":"v22.11.0"},"stack":"TypeError: Router.use() requires a middleware function but got a Object\n    at Function.use (/Users/apple/Desktop/backend_project/note_app/node_modules/express/lib/router/index.js:469:13)\n    at routes (/Users/apple/Desktop/backend_project/note_app/src/routes/index.js:17:10)\n    at Object.<anonymous> (/Users/apple/Desktop/backend_project/note_app/src/index.js:32:38)\n    at Module._compile (node:internal/modules/cjs/loader:1546:14)\n    at Module._compile (/Users/apple/Desktop/backend_project/note_app/node_modules/pirates/lib/index.js:117:24)\n    at node:internal/modules/cjs/loader:1689:10\n    at Object.newLoader [as .js] (/Users/apple/Desktop/backend_project/note_app/node_modules/pirates/lib/index.js:121:7)\n    at Module.load (node:internal/modules/cjs/loader:1318:32)\n    at Function._load (node:internal/modules/cjs/loader:1128:12)\n    at TracingChannel.traceSync (node:diagnostics_channel:315:14)\n    at wrapModuleLoad (node:internal/modules/cjs/loader:218:24)\n    at Function.runMain (node:internal/modules/run_main:170:5)\n    at Object.<anonymous> (/Users/apple/Desktop/backend_project/note_app/node_modules/@babel/node/src/_babel-node.ts:159:12)\n    at Module._compile (node:internal/modules/cjs/loader:1546:14)\n    at Object.<anonymous> (node:internal/modules/cjs/loader:1689:10)\n    at Module.load (node:internal/modules/cjs/loader:1318:32)\n    at Function._load (node:internal/modules/cjs/loader:1128:12)\n    at TracingChannel.traceSync (node:diagnostics_channel:315:14)\n    at wrapModuleLoad (node:internal/modules/cjs/loader:218:24)\n    at Function.executeUserEntryPoint [as runMain] (node:internal/modules/run_main:170:5)\n    at node:internal/main/run_main_module:36:49","timestamp":"2024-12-03T09:16:54.171Z","trace":[{"column":13,"file":"/Users/apple/Desktop/backend_project/note_app/node_modules/express/lib/router/index.js","function":"Function.use","line":469,"method":"use","native":false},{"column":10,"file":"/Users/apple/Desktop/backend_project/note_app/src/routes/index.js","function":"routes","line":17,"method":null,"native":false},{"column":38,"file":"/Users/apple/Desktop/backend_project/note_app/src/index.js","function":null,"line":32,"method":null,"native":false},{"column":14,"file":"node:internal/modules/cjs/loader","function":"Module._compile","line":1546,"method":"_compile","native":false},{"column":24,"file":"/Users/apple/Desktop/backend_project/note_app/node_modules/pirates/lib/index.js","function":"Module._compile","line":117,"method":"_compile","native":false},{"column":10,"file":"node:internal/modules/cjs/loader","function":null,"line":1689,"method":null,"native":false},{"column":7,"file":"/Users/apple/Desktop/backend_project/note_app/node_modules/pirates/lib/index.js","function":"Object.newLoader [as .js]","line":121,"method":"js]","native":false},{"column":32,"file":"node:internal/modules/cjs/loader","function":"Module.load","line":1318,"method":"load","native":false},{"column":12,"file":"node:internal/modules/cjs/loader","function":"Function._load","line":1128,"method":"_load","native":false},{"column":14,"file":"node:diagnostics_channel","function":"TracingChannel.traceSync","line":315,"method":"traceSync","native":false},{"column":24,"file":"node:internal/modules/cjs/loader","function":"wrapModuleLoad","line":218,"method":null,"native":false},{"column":5,"file":"node:internal/modules/run_main","function":"Function.runMain","line":170,"method":"runMain","native":false},{"column":12,"file":"/Users/apple/Desktop/backend_project/note_app/node_modules/@babel/node/src/_babel-node.ts","function":null,"line":159,"method":null,"native":false},{"column":14,"file":"node:internal/modules/cjs/loader","function":"Module._compile","line":1546,"method":"_compile","native":false},{"column":10,"file":"node:internal/modules/cjs/loader","function":null,"line":1689,"method":null,"native":false},{"column":32,"file":"node:internal/modules/cjs/loader","function":"Module.load","line":1318,"method":"load","native":false},{"column":12,"file":"node:internal/modules/cjs/loader","function":"Function._load","line":1128,"method":"_load","native":false},{"column":14,"file":"node:diagnostics_channel","function":"TracingChannel.traceSync","line":315,"method":"traceSync","native":false},{"column":24,"file":"node:internal/modules/cjs/loader","function":"wrapModuleLoad","line":218,"method":null,"native":false},{"column":5,"file":"node:internal/modules/run_main","function":"Function.executeUserEntryPoint [as runMain]","line":170,"method":"executeUserEntryPoint [as runMain]","native":false},{"column":49,"file":"node:internal/main/run_main_module","function":null,"line":36,"method":null,"native":false}]}
error: uncaughtException: Router.use() requires a middleware function but got a Object
TypeError: Router.use() requires a middleware function but got a Object
    at Function.use (/Users/apple/Desktop/backend_project/note_app/node_modules/express/lib/router/index.js:469:13)
    at routes (/Users/apple/Desktop/backend_project/note_app/src/routes/index.js:17:10)
    at Object.<anonymous> (/Users/apple/Desktop/backend_project/note_app/src/index.js:32:38)
    at Module._compile (node:internal/modules/cjs/loader:1546:14)
    at Module._compile (/Users/apple/Desktop/backend_project/note_app/node_modules/pirates/lib/index.js:117:24)
    at node:internal/modules/cjs/loader:1689:10
    at Object.newLoader [as .js] (/Users/apple/Desktop/backend_project/note_app/node_modules/pirates/lib/index.js:121:7)
    at Module.load (node:internal/modules/cjs/loader:1318:32)
    at Function._load (node:internal/modules/cjs/loader:1128:12)
    at TracingChannel.traceSync (node:diagnostics_channel:315:14)
    at wrapModuleLoad (node:internal/modules/cjs/loader:218:24)
    at Function.runMain (node:internal/modules/run_main:170:5)
    at Object.<anonymous> (/Users/apple/Desktop/backend_project/note_app/node_modules/@babel/node/src/_babel-node.ts:159:12)
    at Module._compile (node:internal/modules/cjs/loader:1546:14)
    at Object.<anonymous> (node:internal/modules/cjs/loader:1689:10)
    at Module.load (node:internal/modules/cjs/loader:1318:32)
    at Function._load (node:internal/modules/cjs/loader:1128:12)
    at TracingChannel.traceSync (node:diagnostics_channel:315:14)
    at wrapModuleLoad (node:internal/modules/cjs/loader:218:24)
    at Function.executeUserEntryPoint [as runMain] (node:internal/modules/run_main:170:5)
    at node:internal/main/run_main_module:36:49 {"date":"Tue Dec 03 2024 14:47:04 GMT+0530 (India Standard Time)","error":{},"exception":true,"os":{"loadavg":[5.1728515625,4.10595703125,4.20751953125],"uptime":15395},"process":{"argv":["node","/Users/apple/Desktop/backend_project/note_app/src/index.js"],"cwd":"/Users/apple/Desktop/backend_project/note_app","execPath":"/Users/apple/.nvm/versions/node/v22.11.0/bin/node","gid":20,"memoryUsage":{"arrayBuffers":18270599,"external":21203940,"heapTotal":93396992,"heapUsed":45175112,"rss":145707008},"pid":13244,"uid":501,"version":"v22.11.0"},"stack":"TypeError: Router.use() requires a middleware function but got a Object\n    at Function.use (/Users/apple/Desktop/backend_project/note_app/node_modules/express/lib/router/index.js:469:13)\n    at routes (/Users/apple/Desktop/backend_project/note_app/src/routes/index.js:17:10)\n    at Object.<anonymous> (/Users/apple/Desktop/backend_project/note_app/src/index.js:32:38)\n    at Module._compile (node:internal/modules/cjs/loader:1546:14)\n    at Module._compile (/Users/apple/Desktop/backend_project/note_app/node_modules/pirates/lib/index.js:117:24)\n    at node:internal/modules/cjs/loader:1689:10\n    at Object.newLoader [as .js] (/Users/apple/Desktop/backend_project/note_app/node_modules/pirates/lib/index.js:121:7)\n    at Module.load (node:internal/modules/cjs/loader:1318:32)\n    at Function._load (node:internal/modules/cjs/loader:1128:12)\n    at TracingChannel.traceSync (node:diagnostics_channel:315:14)\n    at wrapModuleLoad (node:internal/modules/cjs/loader:218:24)\n    at Function.runMain (node:internal/modules/run_main:170:5)\n    at Object.<anonymous> (/Users/apple/Desktop/backend_project/note_app/node_modules/@babel/node/src/_babel-node.ts:159:12)\n    at Module._compile (node:internal/modules/cjs/loader:1546:14)\n    at Object.<anonymous> (node:internal/modules/cjs/loader:1689:10)\n    at Module.load (node:internal/modules/cjs/loader:1318:32)\n    at Function._load (node:internal/modules/cjs/loader:1128:12)\n    at TracingChannel.traceSync (node:diagnostics_channel:315:14)\n    at wrapModuleLoad (node:internal/modules/cjs/loader:218:24)\n    at Function.executeUserEntryPoint [as runMain] (node:internal/modules/run_main:170:5)\n    at node:internal/main/run_main_module:36:49","timestamp":"2024-12-03T09:17:04.764Z","trace":[{"column":13,"file":"/Users/apple/Desktop/backend_project/note_app/node_modules/express/lib/router/index.js","function":"Function.use","line":469,"method":"use","native":false},{"column":10,"file":"/Users/apple/Desktop/backend_project/note_app/src/routes/index.js","function":"routes","line":17,"method":null,"native":false},{"column":38,"file":"/Users/apple/Desktop/backend_project/note_app/src/index.js","function":null,"line":32,"method":null,"native":false},{"column":14,"file":"node:internal/modules/cjs/loader","function":"Module._compile","line":1546,"method":"_compile","native":false},{"column":24,"file":"/Users/apple/Desktop/backend_project/note_app/node_modules/pirates/lib/index.js","function":"Module._compile","line":117,"method":"_compile","native":false},{"column":10,"file":"node:internal/modules/cjs/loader","function":null,"line":1689,"method":null,"native":false},{"column":7,"file":"/Users/apple/Desktop/backend_project/note_app/node_modules/pirates/lib/index.js","function":"Object.newLoader [as .js]","line":121,"method":"js]","native":false},{"column":32,"file":"node:internal/modules/cjs/loader","function":"Module.load","line":1318,"method":"load","native":false},{"column":12,"file":"node:internal/modules/cjs/loader","function":"Function._load","line":1128,"method":"_load","native":false},{"column":14,"file":"node:diagnostics_channel","function":"TracingChannel.traceSync","line":315,"method":"traceSync","native":false},{"column":24,"file":"node:internal/modules/cjs/loader","function":"wrapModuleLoad","line":218,"method":null,"native":false},{"column":5,"file":"node:internal/modules/run_main","function":"Function.runMain","line":170,"method":"runMain","native":false},{"column":12,"file":"/Users/apple/Desktop/backend_project/note_app/node_modules/@babel/node/src/_babel-node.ts","function":null,"line":159,"method":null,"native":false},{"column":14,"file":"node:internal/modules/cjs/loader","function":"Module._compile","line":1546,"method":"_compile","native":false},{"column":10,"file":"node:internal/modules/cjs/loader","function":null,"line":1689,"method":null,"native":false},{"column":32,"file":"node:internal/modules/cjs/loader","function":"Module.load","line":1318,"method":"load","native":false},{"column":12,"file":"node:internal/modules/cjs/loader","function":"Function._load","line":1128,"method":"_load","native":false},{"column":14,"file":"node:diagnostics_channel","function":"TracingChannel.traceSync","line":315,"method":"traceSync","native":false},{"column":24,"file":"node:internal/modules/cjs/loader","function":"wrapModuleLoad","line":218,"method":null,"native":false},{"column":5,"file":"node:internal/modules/run_main","function":"Function.executeUserEntryPoint [as runMain]","line":170,"method":"executeUserEntryPoint [as runMain]","native":false},{"column":49,"file":"node:internal/main/run_main_module","function":null,"line":36,"method":null,"native":false}]}
error: 
    status - 500 
    message - CastError: Cast to ObjectId failed for value "674ed183ec23fa3d66ed915" (type string) at path "_id" for model "Note"
    at model.Query.exec (/Users/apple/Desktop/backend_project/note_app/node_modules/mongoose/lib/query.js:4498:21)
    at model.Query.Query.then (/Users/apple/Desktop/backend_project/note_app/node_modules/mongoose/lib/query.js:4592:15)
    at processTicksAndRejections (node:internal/process/task_queues:105:5) 
    url - /api/v1/notes/674ed183ec23fa3d66ed915 
    method - GET 
    IP - ::1
   {"timestamp":"2024-12-03T09:53:36.141Z"}
