info: ::1 - - [03/Dec/2024:08:44:41 +0000] "POST /api/v1/users/login HTTP/1.1" 202 59 "-" "PostmanRuntime/7.43.0"

info: ::1 - - [03/Dec/2024:08:44:49 +0000] "POST /api/v1/users/register HTTP/1.1" 409 43 "-" "PostmanRuntime/7.43.0"

info: ::1 - - [03/Dec/2024:08:44:56 +0000] "POST /api/v1/users/login HTTP/1.1" 202 59 "-" "PostmanRuntime/7.43.0"

error: uncaughtException: Router.use() requires a middleware function but got a Object
TypeError: Router.use() requires a middleware function but got a Object
    at Function.use (/Users/apple/Desktop/backend_project/note_app/node_modules/express/lib/router/index.js:469:13)
    at routes (/Users/apple/Desktop/backend_project/note_app/src/routes/index.js:17:10)
    at Object.<anonymous> (/Users/apple/Desktop/backend_project/note_app/src/index.js:32:38)
    at Module._compile (node:internal/modules/cjs/loader:1546:14)
    at Module._compile (/Users/apple/Desktop/backend_project/note_app/node_modules/pirates/lib/index.js:117:24)
    at node:internal/modules/cjs/loader:1689:10
    at Object.newLoader [as .js] (/Users/apple/Desktop/backend_project/note_app/node_modules/pirates/lib/index.js:121:7)
    at Module.load (node:internal/modules/cjs/loader:1318:32)
    at Function._load (node:internal/modules/cjs/loader:1128:12)
    at TracingChannel.traceSync (node:diagnostics_channel:315:14)
    at wrapModuleLoad (node:internal/modules/cjs/loader:218:24)
    at Function.runMain (node:internal/modules/run_main:170:5)
    at Object.<anonymous> (/Users/apple/Desktop/backend_project/note_app/node_modules/@babel/node/src/_babel-node.ts:159:12)
    at Module._compile (node:internal/modules/cjs/loader:1546:14)
    at Object.<anonymous> (node:internal/modules/cjs/loader:1689:10)
    at Module.load (node:internal/modules/cjs/loader:1318:32)
    at Function._load (node:internal/modules/cjs/loader:1128:12)
    at TracingChannel.traceSync (node:diagnostics_channel:315:14)
    at wrapModuleLoad (node:internal/modules/cjs/loader:218:24)
    at Function.executeUserEntryPoint [as runMain] (node:internal/modules/run_main:170:5)
    at node:internal/main/run_main_module:36:49 {"date":"Tue Dec 03 2024 14:45:37 GMT+0530 (India Standard Time)","error":{},"exception":true,"os":{"loadavg":[2.68212890625,3.6923828125,4.099609375],"uptime":15308},"process":{"argv":["node","/Users/apple/Desktop/backend_project/note_app/src/index.js"],"cwd":"/Users/apple/Desktop/backend_project/note_app","execPath":"/Users/apple/.nvm/versions/node/v22.11.0/bin/node","gid":20,"memoryUsage":{"arrayBuffers":18309227,"external":21234416,"heapTotal":93921280,"heapUsed":50479808,"rss":147714048},"pid":12741,"uid":501,"version":"v22.11.0"},"stack":"TypeError: Router.use() requires a middleware function but got a Object\n    at Function.use (/Users/apple/Desktop/backend_project/note_app/node_modules/express/lib/router/index.js:469:13)\n    at routes (/Users/apple/Desktop/backend_project/note_app/src/routes/index.js:17:10)\n    at Object.<anonymous> (/Users/apple/Desktop/backend_project/note_app/src/index.js:32:38)\n    at Module._compile (node:internal/modules/cjs/loader:1546:14)\n    at Module._compile (/Users/apple/Desktop/backend_project/note_app/node_modules/pirates/lib/index.js:117:24)\n    at node:internal/modules/cjs/loader:1689:10\n    at Object.newLoader [as .js] (/Users/apple/Desktop/backend_project/note_app/node_modules/pirates/lib/index.js:121:7)\n    at Module.load (node:internal/modules/cjs/loader:1318:32)\n    at Function._load (node:internal/modules/cjs/loader:1128:12)\n    at TracingChannel.traceSync (node:diagnostics_channel:315:14)\n    at wrapModuleLoad (node:internal/modules/cjs/loader:218:24)\n    at Function.runMain (node:internal/modules/run_main:170:5)\n    at Object.<anonymous> (/Users/apple/Desktop/backend_project/note_app/node_modules/@babel/node/src/_babel-node.ts:159:12)\n    at Module._compile (node:internal/modules/cjs/loader:1546:14)\n    at Object.<anonymous> (node:internal/modules/cjs/loader:1689:10)\n    at Module.load (node:internal/modules/cjs/loader:1318:32)\n    at Function._load (node:internal/modules/cjs/loader:1128:12)\n    at TracingChannel.traceSync (node:diagnostics_channel:315:14)\n    at wrapModuleLoad (node:internal/modules/cjs/loader:218:24)\n    at Function.executeUserEntryPoint [as runMain] (node:internal/modules/run_main:170:5)\n    at node:internal/main/run_main_module:36:49","trace":[{"column":13,"file":"/Users/apple/Desktop/backend_project/note_app/node_modules/express/lib/router/index.js","function":"Function.use","line":469,"method":"use","native":false},{"column":10,"file":"/Users/apple/Desktop/backend_project/note_app/src/routes/index.js","function":"routes","line":17,"method":null,"native":false},{"column":38,"file":"/Users/apple/Desktop/backend_project/note_app/src/index.js","function":null,"line":32,"method":null,"native":false},{"column":14,"file":"node:internal/modules/cjs/loader","function":"Module._compile","line":1546,"method":"_compile","native":false},{"column":24,"file":"/Users/apple/Desktop/backend_project/note_app/node_modules/pirates/lib/index.js","function":"Module._compile","line":117,"method":"_compile","native":false},{"column":10,"file":"node:internal/modules/cjs/loader","function":null,"line":1689,"method":null,"native":false},{"column":7,"file":"/Users/apple/Desktop/backend_project/note_app/node_modules/pirates/lib/index.js","function":"Object.newLoader [as .js]","line":121,"method":"js]","native":false},{"column":32,"file":"node:internal/modules/cjs/loader","function":"Module.load","line":1318,"method":"load","native":false},{"column":12,"file":"node:internal/modules/cjs/loader","function":"Function._load","line":1128,"method":"_load","native":false},{"column":14,"file":"node:diagnostics_channel","function":"TracingChannel.traceSync","line":315,"method":"traceSync","native":false},{"column":24,"file":"node:internal/modules/cjs/loader","function":"wrapModuleLoad","line":218,"method":null,"native":false},{"column":5,"file":"node:internal/modules/run_main","function":"Function.runMain","line":170,"method":"runMain","native":false},{"column":12,"file":"/Users/apple/Desktop/backend_project/note_app/node_modules/@babel/node/src/_babel-node.ts","function":null,"line":159,"method":null,"native":false},{"column":14,"file":"node:internal/modules/cjs/loader","function":"Module._compile","line":1546,"method":"_compile","native":false},{"column":10,"file":"node:internal/modules/cjs/loader","function":null,"line":1689,"method":null,"native":false},{"column":32,"file":"node:internal/modules/cjs/loader","function":"Module.load","line":1318,"method":"load","native":false},{"column":12,"file":"node:internal/modules/cjs/loader","function":"Function._load","line":1128,"method":"_load","native":false},{"column":14,"file":"node:diagnostics_channel","function":"TracingChannel.traceSync","line":315,"method":"traceSync","native":false},{"column":24,"file":"node:internal/modules/cjs/loader","function":"wrapModuleLoad","line":218,"method":null,"native":false},{"column":5,"file":"node:internal/modules/run_main","function":"Function.executeUserEntryPoint [as runMain]","line":170,"method":"executeUserEntryPoint [as runMain]","native":false},{"column":49,"file":"node:internal/main/run_main_module","function":null,"line":36,"method":null,"native":false}]}
error: uncaughtException: Router.use() requires a middleware function but got a Object
TypeError: Router.use() requires a middleware function but got a Object
    at Function.use (/Users/apple/Desktop/backend_project/note_app/node_modules/express/lib/router/index.js:469:13)
    at routes (/Users/apple/Desktop/backend_project/note_app/src/routes/index.js:17:10)
    at Object.<anonymous> (/Users/apple/Desktop/backend_project/note_app/src/index.js:32:38)
    at Module._compile (node:internal/modules/cjs/loader:1546:14)
    at Module._compile (/Users/apple/Desktop/backend_project/note_app/node_modules/pirates/lib/index.js:117:24)
    at node:internal/modules/cjs/loader:1689:10
    at Object.newLoader [as .js] (/Users/apple/Desktop/backend_project/note_app/node_modules/pirates/lib/index.js:121:7)
    at Module.load (node:internal/modules/cjs/loader:1318:32)
    at Function._load (node:internal/modules/cjs/loader:1128:12)
    at TracingChannel.traceSync (node:diagnostics_channel:315:14)
    at wrapModuleLoad (node:internal/modules/cjs/loader:218:24)
    at Function.runMain (node:internal/modules/run_main:170:5)
    at Object.<anonymous> (/Users/apple/Desktop/backend_project/note_app/node_modules/@babel/node/src/_babel-node.ts:159:12)
    at Module._compile (node:internal/modules/cjs/loader:1546:14)
    at Object.<anonymous> (node:internal/modules/cjs/loader:1689:10)
    at Module.load (node:internal/modules/cjs/loader:1318:32)
    at Function._load (node:internal/modules/cjs/loader:1128:12)
    at TracingChannel.traceSync (node:diagnostics_channel:315:14)
    at wrapModuleLoad (node:internal/modules/cjs/loader:218:24)
    at Function.executeUserEntryPoint [as runMain] (node:internal/modules/run_main:170:5)
    at node:internal/main/run_main_module:36:49 {"date":"Tue Dec 03 2024 14:46:54 GMT+0530 (India Standard Time)","error":{},"exception":true,"os":{"loadavg":[3.08935546875,3.654296875,4.05224609375],"uptime":15385},"process":{"argv":["node","/Users/apple/Desktop/backend_project/note_app/src/index.js"],"cwd":"/Users/apple/Desktop/backend_project/note_app","execPath":"/Users/apple/.nvm/versions/node/v22.11.0/bin/node","gid":20,"memoryUsage":{"arrayBuffers":18301037,"external":21226226,"heapTotal":89464832,"heapUsed":65828840,"rss":142561280},"pid":12800,"uid":501,"version":"v22.11.0"},"stack":"TypeError: Router.use() requires a middleware function but got a Object\n    at Function.use (/Users/apple/Desktop/backend_project/note_app/node_modules/express/lib/router/index.js:469:13)\n    at routes (/Users/apple/Desktop/backend_project/note_app/src/routes/index.js:17:10)\n    at Object.<anonymous> (/Users/apple/Desktop/backend_project/note_app/src/index.js:32:38)\n    at Module._compile (node:internal/modules/cjs/loader:1546:14)\n    at Module._compile (/Users/apple/Desktop/backend_project/note_app/node_modules/pirates/lib/index.js:117:24)\n    at node:internal/modules/cjs/loader:1689:10\n    at Object.newLoader [as .js] (/Users/apple/Desktop/backend_project/note_app/node_modules/pirates/lib/index.js:121:7)\n    at Module.load (node:internal/modules/cjs/loader:1318:32)\n    at Function._load (node:internal/modules/cjs/loader:1128:12)\n    at TracingChannel.traceSync (node:diagnostics_channel:315:14)\n    at wrapModuleLoad (node:internal/modules/cjs/loader:218:24)\n    at Function.runMain (node:internal/modules/run_main:170:5)\n    at Object.<anonymous> (/Users/apple/Desktop/backend_project/note_app/node_modules/@babel/node/src/_babel-node.ts:159:12)\n    at Module._compile (node:internal/modules/cjs/loader:1546:14)\n    at Object.<anonymous> (node:internal/modules/cjs/loader:1689:10)\n    at Module.load (node:internal/modules/cjs/loader:1318:32)\n    at Function._load (node:internal/modules/cjs/loader:1128:12)\n    at TracingChannel.traceSync (node:diagnostics_channel:315:14)\n    at wrapModuleLoad (node:internal/modules/cjs/loader:218:24)\n    at Function.executeUserEntryPoint [as runMain] (node:internal/modules/run_main:170:5)\n    at node:internal/main/run_main_module:36:49","trace":[{"column":13,"file":"/Users/apple/Desktop/backend_project/note_app/node_modules/express/lib/router/index.js","function":"Function.use","line":469,"method":"use","native":false},{"column":10,"file":"/Users/apple/Desktop/backend_project/note_app/src/routes/index.js","function":"routes","line":17,"method":null,"native":false},{"column":38,"file":"/Users/apple/Desktop/backend_project/note_app/src/index.js","function":null,"line":32,"method":null,"native":false},{"column":14,"file":"node:internal/modules/cjs/loader","function":"Module._compile","line":1546,"method":"_compile","native":false},{"column":24,"file":"/Users/apple/Desktop/backend_project/note_app/node_modules/pirates/lib/index.js","function":"Module._compile","line":117,"method":"_compile","native":false},{"column":10,"file":"node:internal/modules/cjs/loader","function":null,"line":1689,"method":null,"native":false},{"column":7,"file":"/Users/apple/Desktop/backend_project/note_app/node_modules/pirates/lib/index.js","function":"Object.newLoader [as .js]","line":121,"method":"js]","native":false},{"column":32,"file":"node:internal/modules/cjs/loader","function":"Module.load","line":1318,"method":"load","native":false},{"column":12,"file":"node:internal/modules/cjs/loader","function":"Function._load","line":1128,"method":"_load","native":false},{"column":14,"file":"node:diagnostics_channel","function":"TracingChannel.traceSync","line":315,"method":"traceSync","native":false},{"column":24,"file":"node:internal/modules/cjs/loader","function":"wrapModuleLoad","line":218,"method":null,"native":false},{"column":5,"file":"node:internal/modules/run_main","function":"Function.runMain","line":170,"method":"runMain","native":false},{"column":12,"file":"/Users/apple/Desktop/backend_project/note_app/node_modules/@babel/node/src/_babel-node.ts","function":null,"line":159,"method":null,"native":false},{"column":14,"file":"node:internal/modules/cjs/loader","function":"Module._compile","line":1546,"method":"_compile","native":false},{"column":10,"file":"node:internal/modules/cjs/loader","function":null,"line":1689,"method":null,"native":false},{"column":32,"file":"node:internal/modules/cjs/loader","function":"Module.load","line":1318,"method":"load","native":false},{"column":12,"file":"node:internal/modules/cjs/loader","function":"Function._load","line":1128,"method":"_load","native":false},{"column":14,"file":"node:diagnostics_channel","function":"TracingChannel.traceSync","line":315,"method":"traceSync","native":false},{"column":24,"file":"node:internal/modules/cjs/loader","function":"wrapModuleLoad","line":218,"method":null,"native":false},{"column":5,"file":"node:internal/modules/run_main","function":"Function.executeUserEntryPoint [as runMain]","line":170,"method":"executeUserEntryPoint [as runMain]","native":false},{"column":49,"file":"node:internal/main/run_main_module","function":null,"line":36,"method":null,"native":false}]}
error: uncaughtException: Router.use() requires a middleware function but got a Object
TypeError: Router.use() requires a middleware function but got a Object
    at Function.use (/Users/apple/Desktop/backend_project/note_app/node_modules/express/lib/router/index.js:469:13)
    at routes (/Users/apple/Desktop/backend_project/note_app/src/routes/index.js:17:10)
    at Object.<anonymous> (/Users/apple/Desktop/backend_project/note_app/src/index.js:32:38)
    at Module._compile (node:internal/modules/cjs/loader:1546:14)
    at Module._compile (/Users/apple/Desktop/backend_project/note_app/node_modules/pirates/lib/index.js:117:24)
    at node:internal/modules/cjs/loader:1689:10
    at Object.newLoader [as .js] (/Users/apple/Desktop/backend_project/note_app/node_modules/pirates/lib/index.js:121:7)
    at Module.load (node:internal/modules/cjs/loader:1318:32)
    at Function._load (node:internal/modules/cjs/loader:1128:12)
    at TracingChannel.traceSync (node:diagnostics_channel:315:14)
    at wrapModuleLoad (node:internal/modules/cjs/loader:218:24)
    at Function.runMain (node:internal/modules/run_main:170:5)
    at Object.<anonymous> (/Users/apple/Desktop/backend_project/note_app/node_modules/@babel/node/src/_babel-node.ts:159:12)
    at Module._compile (node:internal/modules/cjs/loader:1546:14)
    at Object.<anonymous> (node:internal/modules/cjs/loader:1689:10)
    at Module.load (node:internal/modules/cjs/loader:1318:32)
    at Function._load (node:internal/modules/cjs/loader:1128:12)
    at TracingChannel.traceSync (node:diagnostics_channel:315:14)
    at wrapModuleLoad (node:internal/modules/cjs/loader:218:24)
    at Function.executeUserEntryPoint [as runMain] (node:internal/modules/run_main:170:5)
    at node:internal/main/run_main_module:36:49 {"date":"Tue Dec 03 2024 14:47:04 GMT+0530 (India Standard Time)","error":{},"exception":true,"os":{"loadavg":[5.1728515625,4.10595703125,4.20751953125],"uptime":15395},"process":{"argv":["node","/Users/apple/Desktop/backend_project/note_app/src/index.js"],"cwd":"/Users/apple/Desktop/backend_project/note_app","execPath":"/Users/apple/.nvm/versions/node/v22.11.0/bin/node","gid":20,"memoryUsage":{"arrayBuffers":18284655,"external":21209844,"heapTotal":93396992,"heapUsed":45377208,"rss":145764352},"pid":13244,"uid":501,"version":"v22.11.0"},"stack":"TypeError: Router.use() requires a middleware function but got a Object\n    at Function.use (/Users/apple/Desktop/backend_project/note_app/node_modules/express/lib/router/index.js:469:13)\n    at routes (/Users/apple/Desktop/backend_project/note_app/src/routes/index.js:17:10)\n    at Object.<anonymous> (/Users/apple/Desktop/backend_project/note_app/src/index.js:32:38)\n    at Module._compile (node:internal/modules/cjs/loader:1546:14)\n    at Module._compile (/Users/apple/Desktop/backend_project/note_app/node_modules/pirates/lib/index.js:117:24)\n    at node:internal/modules/cjs/loader:1689:10\n    at Object.newLoader [as .js] (/Users/apple/Desktop/backend_project/note_app/node_modules/pirates/lib/index.js:121:7)\n    at Module.load (node:internal/modules/cjs/loader:1318:32)\n    at Function._load (node:internal/modules/cjs/loader:1128:12)\n    at TracingChannel.traceSync (node:diagnostics_channel:315:14)\n    at wrapModuleLoad (node:internal/modules/cjs/loader:218:24)\n    at Function.runMain (node:internal/modules/run_main:170:5)\n    at Object.<anonymous> (/Users/apple/Desktop/backend_project/note_app/node_modules/@babel/node/src/_babel-node.ts:159:12)\n    at Module._compile (node:internal/modules/cjs/loader:1546:14)\n    at Object.<anonymous> (node:internal/modules/cjs/loader:1689:10)\n    at Module.load (node:internal/modules/cjs/loader:1318:32)\n    at Function._load (node:internal/modules/cjs/loader:1128:12)\n    at TracingChannel.traceSync (node:diagnostics_channel:315:14)\n    at wrapModuleLoad (node:internal/modules/cjs/loader:218:24)\n    at Function.executeUserEntryPoint [as runMain] (node:internal/modules/run_main:170:5)\n    at node:internal/main/run_main_module:36:49","trace":[{"column":13,"file":"/Users/apple/Desktop/backend_project/note_app/node_modules/express/lib/router/index.js","function":"Function.use","line":469,"method":"use","native":false},{"column":10,"file":"/Users/apple/Desktop/backend_project/note_app/src/routes/index.js","function":"routes","line":17,"method":null,"native":false},{"column":38,"file":"/Users/apple/Desktop/backend_project/note_app/src/index.js","function":null,"line":32,"method":null,"native":false},{"column":14,"file":"node:internal/modules/cjs/loader","function":"Module._compile","line":1546,"method":"_compile","native":false},{"column":24,"file":"/Users/apple/Desktop/backend_project/note_app/node_modules/pirates/lib/index.js","function":"Module._compile","line":117,"method":"_compile","native":false},{"column":10,"file":"node:internal/modules/cjs/loader","function":null,"line":1689,"method":null,"native":false},{"column":7,"file":"/Users/apple/Desktop/backend_project/note_app/node_modules/pirates/lib/index.js","function":"Object.newLoader [as .js]","line":121,"method":"js]","native":false},{"column":32,"file":"node:internal/modules/cjs/loader","function":"Module.load","line":1318,"method":"load","native":false},{"column":12,"file":"node:internal/modules/cjs/loader","function":"Function._load","line":1128,"method":"_load","native":false},{"column":14,"file":"node:diagnostics_channel","function":"TracingChannel.traceSync","line":315,"method":"traceSync","native":false},{"column":24,"file":"node:internal/modules/cjs/loader","function":"wrapModuleLoad","line":218,"method":null,"native":false},{"column":5,"file":"node:internal/modules/run_main","function":"Function.runMain","line":170,"method":"runMain","native":false},{"column":12,"file":"/Users/apple/Desktop/backend_project/note_app/node_modules/@babel/node/src/_babel-node.ts","function":null,"line":159,"method":null,"native":false},{"column":14,"file":"node:internal/modules/cjs/loader","function":"Module._compile","line":1546,"method":"_compile","native":false},{"column":10,"file":"node:internal/modules/cjs/loader","function":null,"line":1689,"method":null,"native":false},{"column":32,"file":"node:internal/modules/cjs/loader","function":"Module.load","line":1318,"method":"load","native":false},{"column":12,"file":"node:internal/modules/cjs/loader","function":"Function._load","line":1128,"method":"_load","native":false},{"column":14,"file":"node:diagnostics_channel","function":"TracingChannel.traceSync","line":315,"method":"traceSync","native":false},{"column":24,"file":"node:internal/modules/cjs/loader","function":"wrapModuleLoad","line":218,"method":null,"native":false},{"column":5,"file":"node:internal/modules/run_main","function":"Function.executeUserEntryPoint [as runMain]","line":170,"method":"executeUserEntryPoint [as runMain]","native":false},{"column":49,"file":"node:internal/main/run_main_module","function":null,"line":36,"method":null,"native":false}]}
info: ::1 - - [03/Dec/2024:09:18:36 +0000] "POST /api/v1/notes/create HTTP/1.1" 201 50 "-" "PostmanRuntime/7.43.0"

info: ::1 - - [03/Dec/2024:09:37:35 +0000] "GET /api/v1/notes/ HTTP/1.1" 200 145 "-" "PostmanRuntime/7.43.0"

info: ::1 - - [03/Dec/2024:09:38:11 +0000] "POST /api/v1/notes/create HTTP/1.1" 201 50 "-" "PostmanRuntime/7.43.0"

info: ::1 - - [03/Dec/2024:09:38:19 +0000] "GET /api/v1/notes/ HTTP/1.1" 200 294 "-" "PostmanRuntime/7.43.0"

info: ::1 - - [03/Dec/2024:09:53:20 +0000] "GET /api/v1/notes/674eccec2ca09a382f0454fb HTTP/1.1" 202 143 "-" "PostmanRuntime/7.43.0"

info: ::1 - - [03/Dec/2024:09:53:25 +0000] "GET /api/v1/notes/ HTTP/1.1" 202 294 "-" "PostmanRuntime/7.43.0"

info: ::1 - - [03/Dec/2024:09:53:30 +0000] "GET /api/v1/notes/674ed183ec23fa3d66ed915e HTTP/1.1" 202 148 "-" "PostmanRuntime/7.43.0"

info: ::1 - - [03/Dec/2024:09:53:36 +0000] "GET /api/v1/notes/674ed183ec23fa3d66ed915 HTTP/1.1" 500 145 "-" "PostmanRuntime/7.43.0"

info: ::1 - - [03/Dec/2024:09:55:31 +0000] "GET /api/v1/notes/674ed183ec23fa3d66ed915e HTTP/1.1" 202 148 "-" "PostmanRuntime/7.43.0"

info: ::1 - - [03/Dec/2024:09:57:45 +0000] "POST /api/v1/notes/ HTTP/1.1" 404 47 "-" "PostmanRuntime/7.43.0"

info: ::1 - - [03/Dec/2024:09:58:08 +0000] "POST /api/v1/notes/create HTTP/1.1" 201 50 "-" "PostmanRuntime/7.43.0"

info: ::1 - - [03/Dec/2024:09:58:16 +0000] "GET /api/v1/notes/ HTTP/1.1" 202 192 "-" "PostmanRuntime/7.43.0"

